Detecting C [-std=c11] compiler features failed to compile with the following output:
Change Dir: /home/selwana/Project1: Build my world/build/CMakeFiles/CMakeTmp

Run Build Command:"/usr/bin/make" "cmTC_71c35/fast"
/usr/bin/make -f CMakeFiles/cmTC_71c35.dir/build.make CMakeFiles/cmTC_71c35.dir/build
make[1]: Entering directory '/home/selwana/Project1: Build my world/build/CMakeFiles/CMakeTmp'
CMakeFiles/cmTC_71c35.dir/build.make:64: *** target pattern contains no '%'.  Stop.
make[1]: Leaving directory '/home/selwana/Project1: Build my world/build/CMakeFiles/CMakeTmp'
Makefile:126: recipe for target 'cmTC_71c35/fast' failed
make: *** [cmTC_71c35/fast] Error 2



Detecting CXX [-std=c++1z] compiler features failed to compile with the following output:
Change Dir: /home/selwana/Project1: Build my world/build/CMakeFiles/CMakeTmp

Run Build Command:"/usr/bin/make" "cmTC_428c3/fast"
/usr/bin/make -f CMakeFiles/cmTC_428c3.dir/build.make CMakeFiles/cmTC_428c3.dir/build
make[1]: Entering directory '/home/selwana/Project1: Build my world/build/CMakeFiles/CMakeTmp'
CMakeFiles/cmTC_428c3.dir/build.make:64: *** target pattern contains no '%'.  Stop.
make[1]: Leaving directory '/home/selwana/Project1: Build my world/build/CMakeFiles/CMakeTmp'
Makefile:126: recipe for target 'cmTC_428c3/fast' failed
make: *** [cmTC_428c3/fast] Error 2



Determining if the pthread_create exist failed with the following output:
Change Dir: /home/selwana/Project1: Build my world/build/CMakeFiles/CMakeTmp

Run Build Command:"/usr/bin/make" "cmTC_e82fd/fast"
/usr/bin/make -f CMakeFiles/cmTC_e82fd.dir/build.make CMakeFiles/cmTC_e82fd.dir/build
make[1]: Entering directory '/home/selwana/Project1: Build my world/build/CMakeFiles/CMakeTmp'
Building C object CMakeFiles/cmTC_e82fd.dir/CheckSymbolExists.c.o
/usr/bin/cc    -o CMakeFiles/cmTC_e82fd.dir/CheckSymbolExists.c.o   -c "/home/selwana/Project1: Build my world/build/CMakeFiles/CMakeTmp/CheckSymbolExists.c"
Linking C executable cmTC_e82fd
/usr/bin/cmake -E cmake_link_script CMakeFiles/cmTC_e82fd.dir/link.txt --verbose=1
/usr/bin/cc      -rdynamic CMakeFiles/cmTC_e82fd.dir/CheckSymbolExists.c.o  -o cmTC_e82fd 
CMakeFiles/cmTC_e82fd.dir/CheckSymbolExists.c.o: In function `main':
CheckSymbolExists.c:(.text+0x1b): undefined reference to `pthread_create'
collect2: error: ld returned 1 exit status
CMakeFiles/cmTC_e82fd.dir/build.make:97: recipe for target 'cmTC_e82fd' failed
make[1]: *** [cmTC_e82fd] Error 1
make[1]: Leaving directory '/home/selwana/Project1: Build my world/build/CMakeFiles/CMakeTmp'
Makefile:126: recipe for target 'cmTC_e82fd/fast' failed
make: *** [cmTC_e82fd/fast] Error 2

File /home/selwana/Project1: Build my world/build/CMakeFiles/CMakeTmp/CheckSymbolExists.c:
/* */
#include <pthread.h>

int main(int argc, char** argv)
{
  (void)argv;
#ifndef pthread_create
  return ((int*)(&pthread_create))[argc];
#else
  (void)argc;
  return 0;
#endif
}

Determining if the function pthread_create exists in the pthreads failed with the following output:
Change Dir: /home/selwana/Project1: Build my world/build/CMakeFiles/CMakeTmp

Run Build Command:"/usr/bin/make" "cmTC_db855/fast"
/usr/bin/make -f CMakeFiles/cmTC_db855.dir/build.make CMakeFiles/cmTC_db855.dir/build
make[1]: Entering directory '/home/selwana/Project1: Build my world/build/CMakeFiles/CMakeTmp'
Building C object CMakeFiles/cmTC_db855.dir/CheckFunctionExists.c.o
/usr/bin/cc   -DCHECK_FUNCTION_EXISTS=pthread_create   -o CMakeFiles/cmTC_db855.dir/CheckFunctionExists.c.o   -c /usr/share/cmake-3.10/Modules/CheckFunctionExists.c
Linking C executable cmTC_db855
/usr/bin/cmake -E cmake_link_script CMakeFiles/cmTC_db855.dir/link.txt --verbose=1
/usr/bin/cc  -DCHECK_FUNCTION_EXISTS=pthread_create    -rdynamic CMakeFiles/cmTC_db855.dir/CheckFunctionExists.c.o  -o cmTC_db855 -lpthreads 
/usr/bin/ld: cannot find -lpthreads
collect2: error: ld returned 1 exit status
CMakeFiles/cmTC_db855.dir/build.make:97: recipe for target 'cmTC_db855' failed
make[1]: *** [cmTC_db855] Error 1
make[1]: Leaving directory '/home/selwana/Project1: Build my world/build/CMakeFiles/CMakeTmp'
Makefile:126: recipe for target 'cmTC_db855/fast' failed
make: *** [cmTC_db855/fast] Error 2


